<?xml version="1.0" encoding="UTF-8" standalone="yes"?>
<events_log xmlns:xsi="http://www.w3.org/2001/XMLSchema-instance">
<process>DB Data Updates</process>
<database_server_ip></database_server_ip>
<database_server></database_server>
<database_driver></database_driver>
<database_name></database_name>
<user_id>tyler</user_id>
<user_name>Chris Tyler</user_name>
<user_computer>CHRIS-TYLER-PC</user_computer>
<user_computerip>169.254.138.84</user_computerip>
<server_name>raspberrypi</server_name>
<process_start>2025-02-19 19:23:22</process_start>
<Command_Input_Script>1|1||||login as:|0,0|0,10|pi||Enter|0|33|</Command_Input_Script>
<Command_Processed>1|1||||login as:|0,0|0,10|pi||Enter|Yes|0|33|</Command_Processed>
<Command_Input_Script>1|2||||password:|1,*|1,*|##private##|Yes|Enter|0|34|</Command_Input_Script>
<Command_Processed>1|2||||password:|1,22|1,32|##private##|Yes|Enter|Yes|0|34|</Command_Processed>
<Command_Input_Script>1|3||||pi@raspberrypi:~ $||*,19|clear||Enter|0|35|</Command_Input_Script>
<Command_Processed>1|3||||pi@raspberrypi:~ $|16,0|16,19|clear||Enter|Yes|0|35|</Command_Processed>
<Commands_Processed_Screen>1|1|3|</Commands_Processed_Screen>
<Screen>
login as: pi
pi@raspberrypi.home's password:
Linux raspberrypi 6.1.21-v7+ #1642 SMP Mon Apr  3 17:20:52 BST 2023 armv7l

The programs included with the Debian GNU/Linux system are free software;
the exact distribution terms for each program are described in the
individual files in /usr/share/doc/*/copyright.

Debian GNU/Linux comes with ABSOLUTELY NO WARRANTY, to the extent
permitted by applicable law.
Last login: Wed Feb 19 19:19:26 2025 from 192.168.1.50

SSH is enabled and the default password for the 'pi' user has not been changed.
This is a security risk - please login as the 'pi' user and type 'passwd' to set a new password.

pi@raspberrypi:~ $ clear

</Screen>
<Command_Input_Script>1|4||||pi@raspberrypi:~ $|0,0|*,19|pwd||Enter|0|36|</Command_Input_Script>
<Command_Processed>1|4||||pi@raspberrypi:~ $|0,0|0,19|pwd||Enter|Yes|0|36|</Command_Processed>
<Command_Input_Script>1|5||||pi@raspberrypi:~ $|2,0|*,19|ls||Enter|0|37|</Command_Input_Script>
<Command_Processed>1|5||||pi@raspberrypi:~ $|2,0|2,19|ls||Enter|Yes|0|37|</Command_Processed>
<Command_Input_Script>1|6||||||*,19|clear||Enter|0|38|</Command_Input_Script>
<Command_Processed>1|6||||||5,19|clear||Enter|Yes|0|38|</Command_Processed>
<Commands_Processed_Screen>1|4|6|</Commands_Processed_Screen>
<Screen>
pi@raspberrypi:~ $ pwd
/home/pi
pi@raspberrypi:~ $ ls
Bookshelf  Documents  Music     Public     Videos
Desktop    Downloads  Pictures  Templates
pi@raspberrypi:~ $ clear

</Screen>
<Command_Input_Script>1|7||||||0,19|pwd||Enter|0|39|</Command_Input_Script>
<Command_Processed>1|7||||||0,19|pwd||Enter|Yes|0|39|</Command_Processed>
<Command_Input_Script>1|8||||||2,19|ls||Enter|0|40|</Command_Input_Script>
<Command_Processed>1|8||||||2,19|ls||Enter|Yes|0|40|</Command_Processed>
<Command_Input_Script>1|9||||||*,19|sudo raspi-config||Enter|0|41|</Command_Input_Script>
<Command_Processed>1|9||||||5,19|sudo raspi-config||Enter|Yes|0|41|</Command_Processed>
<Commands_Processed_Screen>1|7|9|</Commands_Processed_Screen>
<Screen>
pi@raspberrypi:~ $ pwd
/home/pi
pi@raspberrypi:~ $ ls
Bookshelf  Documents  Music     Public     Videos
Desktop    Downloads  Pictures  Templates
pi@raspberrypi:~ $ sudo raspi-config

</Screen>
<Command_Input_Script>1|10|Raspberry Pi Software Configuration Tool|3,12||1 System Options|5,8|5,8|||Enter|0|42|</Command_Input_Script>
<Command_Processed>1|10|Raspberry Pi Software Configuration Tool|3,12||1 System Options|5,8|5,8|||Enter|Yes|0|42|</Command_Processed>
<Commands_Processed_Screen>1|10|10|</Commands_Processed_Screen>
<Screen>
Raspberry Pi 3 Model B Rev 1.2


+---------¦ Raspberry Pi Software Configuration Tool (raspi-config) +----------+
¦                                                                              ¦
¦       1 System Options       Configure system settings                       ¦
¦       2 Display Options      Configure display settings                      ¦
¦       3 Interface Options    Configure connections to peripherals            ¦
¦       4 Performance Options  Configure performance settings                  ¦
¦       5 Localisation Options Configure language and regional settings        ¦
¦       6 Advanced Options     Configure advanced settings                     ¦
¦       8 Update               Update this tool to the latest version          ¦
¦       9 About raspi-config   Information about this configuration tool       ¦
¦                                                                              ¦
¦                                                                              ¦
¦                                                                              ¦
¦                                                                              ¦
¦                                                                              ¦
¦                     <Select>                     <Finish>                    ¦
¦                                                                              ¦
+------------------------------------------------------------------------------+




</Screen>
<Command_Input_Script>1|11|Raspberry Pi Software Configuration Tool|3,12||S1 Wireless LAN|5,8|5,8|||KeyDown|0|43|</Command_Input_Script>
<Command_Processed>1|11|Raspberry Pi Software Configuration Tool|3,12||S1 Wireless LAN|5,8|5,8|||KeyDown|Yes|0|43|</Command_Processed>
<Command_Input_Script>1|12|Raspberry Pi Software Configuration Tool|3,12||S2 Audio|6,8|6,8|||KeyDown|0|44|</Command_Input_Script>
<Command_Processed>1|12|Raspberry Pi Software Configuration Tool|3,12||S2 Audio|6,8|6,8|||KeyDown|Yes|0|44|</Command_Processed>
<Command_Input_Script>1|13|Raspberry Pi Software Configuration Tool|3,12||S3 Password|7,8|7,8|||KeyDown|0|45|</Command_Input_Script>
<Command_Processed>1|13|Raspberry Pi Software Configuration Tool|3,12||S3 Password|7,8|7,8|||KeyDown|Yes|0|45|</Command_Processed>
<Command_Input_Script>1|14|Raspberry Pi Software Configuration Tool|3,12||S4 Hostname|8,8|8,8|||Enter|0|46|</Command_Input_Script>
<Command_Processed>1|14|Raspberry Pi Software Configuration Tool|3,12||S4 Hostname|8,8|8,8|||Enter|Yes|0|46|</Command_Processed>
<Commands_Processed_Screen>1|11|14|</Commands_Processed_Screen>
<Screen>



+---------¦ Raspberry Pi Software Configuration Tool (raspi-config) +----------+
¦                                                                              ¦
¦       S1 Wireless LAN      Enter SSID and passphrase                         ¦
¦       S2 Audio             Select audio out through HDMI or 3.5mm jack       ¦
¦       S3 Password          Change password for the 'pi' user                 ¦
¦       S4 Hostname          Set name for this computer on a network           ¦
¦       S5 Boot / Auto Login Select boot into desktop or to command line       ¦
¦       S6 Network at Boot   Select wait for network connection on boot        ¦
¦       S7 Splash Screen     Choose graphical splash screen or text boot       ¦
¦       S8 Power LED         Set behaviour of power LED                        ¦
¦                                                                              ¦
¦                                                                              ¦
¦                                                                              ¦
¦                                                                              ¦
¦                                                                              ¦
¦                     <Select>                     <Back>                      ¦
¦                                                                              ¦
+------------------------------------------------------------------------------+




</Screen>
<Command_Input_Script>1|15|Please note: RFCs mandate|4,7||||19,38|||Enter|0|47|</Command_Input_Script>
<Command_Processed>1|15|Please note: RFCs mandate|4,7||||19,38|||Enter|Yes|0|47|</Command_Processed>
<Commands_Processed_Screen>1|15|15|</Commands_Processed_Screen>
<Screen>


     +--------------------------------------------------------------------+
     ¦                                                                    ¦
     ¦ Please note: RFCs mandate that a hostname's labels may contain     ¦
     ¦ only the ASCII letters 'a' through 'z' (case-insensitive),         ¦
     ¦ the digits '0' through '9', and the hyphen.                        ¦
     ¦ Hostname labels cannot begin or end with a hyphen.                 ¦
     ¦ No other symbols, punctuation characters, or blank spaces are      ¦
     ¦ permitted.                                                         ¦
     ¦                                                                    ¦
     ¦                                                                    ¦
     ¦                                                                    ¦
     ¦                                                                    ¦
     ¦                                                                    ¦
     ¦                                                                    ¦
     ¦                                                                    ¦
     ¦                                                                    ¦
     ¦                                                                    ¦
     ¦                               <Ok>                                 ¦
     ¦                                                                    ¦
     +--------------------------------------------------------------------+



</Screen>
<Command_Input_Script>1|16|Please enter a hostname|3,12||||5,23|||Tab|0|48|</Command_Input_Script>
<Command_Processed>1|16|Please enter a hostname|3,12||||5,23|||Tab|Yes|0|48|</Command_Processed>
<Command_Input_Script>1|17|Please enter a hostname|3,12||||19,26|||Tab|0|49|</Command_Input_Script>
<Command_Processed>1|17|Please enter a hostname|3,12||||19,26|||Tab|Yes|0|49|</Command_Processed>
<Command_Input_Script>1|18|Please enter a hostname|3,12||||19,48|||Enter|0|50|</Command_Input_Script>
<Command_Processed>1|18|Please enter a hostname|3,12||||19,48|||Enter|Yes|0|50|</Command_Processed>
<Commands_Processed_Screen>1|16|18|</Commands_Processed_Screen>
<Screen>


          +----------------------------------------------------------+
          ¦ Please enter a hostname                                  ¦
          ¦                                                          ¦
          ¦ raspberrypi_____________________________________________ ¦
          ¦                                                          ¦
          ¦                                                          ¦
          ¦                                                          ¦
          ¦                                                          ¦
          ¦                                                          ¦
          ¦                                                          ¦
          ¦                                                          ¦
          ¦                                                          ¦
          ¦                                                          ¦
          ¦                                                          ¦
          ¦                                                          ¦
          ¦                                                          ¦
          ¦                                                          ¦
          ¦              <Ok>                  <Cancel>              ¦
          ¦                                                          ¦
          +----------------------------------------------------------+



</Screen>
<Command_Input_Script>1|19|Raspberry Pi Software Configuration Tool|3,12||1 System Options|5,8|5,8|||Tab|0|51|</Command_Input_Script>
<Command_Processed>1|19|Raspberry Pi Software Configuration Tool|3,12||1 System Options|5,8|5,8|||Tab|Yes|0|51|</Command_Processed>
<Command_Input_Script>1|20|Raspberry Pi Software Configuration Tool|3,12||<Select>|18,22|18,23|||Tab|0|52|</Command_Input_Script>
<Command_Processed>1|20|Raspberry Pi Software Configuration Tool|3,12||<Select>|18,22|18,23|||Tab|Yes|0|52|</Command_Processed>
<Command_Input_Script>1|21|Raspberry Pi Software Configuration Tool|3,12||<Finish>|18,51|18,52|||Enter|0|53|</Command_Input_Script>
<Command_Processed>1|21|Raspberry Pi Software Configuration Tool|3,12||<Finish>|18,51|18,52|||Enter|Yes|0|53|</Command_Processed>
<Commands_Processed_Screen>1|19|21|</Commands_Processed_Screen>
<Screen>
Raspberry Pi 3 Model B Rev 1.2


+---------¦ Raspberry Pi Software Configuration Tool (raspi-config) +----------+
¦                                                                              ¦
¦       1 System Options       Configure system settings                       ¦
¦       2 Display Options      Configure display settings                      ¦
¦       3 Interface Options    Configure connections to peripherals            ¦
¦       4 Performance Options  Configure performance settings                  ¦
¦       5 Localisation Options Configure language and regional settings        ¦
¦       6 Advanced Options     Configure advanced settings                     ¦
¦       8 Update               Update this tool to the latest version          ¦
¦       9 About raspi-config   Information about this configuration tool       ¦
¦                                                                              ¦
¦                                                                              ¦
¦                                                                              ¦
¦                                                                              ¦
¦                                                                              ¦
¦                     <Select>                     <Finish>                    ¦
¦                                                                              ¦
+------------------------------------------------------------------------------+




</Screen>
<Command_Input_Script>1|22||||pi@raspberrypi:~ $|*,0|*,19|clear||Enter|0|54|</Command_Input_Script>
<Command_Processed>1|22||||pi@raspberrypi:~ $|6,0|6,19|clear||Enter|Yes|0|54|</Command_Processed>
<Commands_Processed_Screen>1|22|22|</Commands_Processed_Screen>
<Screen>
pi@raspberrypi:~ $ pwd
/home/pi
pi@raspberrypi:~ $ ls
Bookshelf  Documents  Music     Public     Videos
Desktop    Downloads  Pictures  Templates
pi@raspberrypi:~ $ sudo raspi-config
pi@raspberrypi:~ $ clear

</Screen>
<Command_Input_Script>1|23||||pi@raspberrypi:~ $|0,0|0,19|pwd||Enter|0|55|</Command_Input_Script>
<Command_Processed>1|23||||pi@raspberrypi:~ $|0,0|0,19|pwd||Enter|Yes|0|55|</Command_Processed>
<Command_Input_Script>1|24||||pi@raspberrypi:~ $|2,0|2,19|ls||Enter|0|56|</Command_Input_Script>
<Command_Processed>1|24||||pi@raspberrypi:~ $|2,0|2,19|ls||Enter|Yes|0|56|</Command_Processed>
<Command_Input_Script>1|25||||pi@raspberrypi:~ $|5,0|5,19|exit||Enter|0|0|</Command_Input_Script>
<Command_Processed>1|25|||||5,0|5,19|exit||Enter|Yes|0|0|</Command_Processed>
<Commands_Processed_Screen>1|23|25|</Commands_Processed_Screen>
<Screen>
pi@raspberrypi:~ $ pwd
/home/pi
pi@raspberrypi:~ $ ls
Bookshelf  Documents  Music     Public     Videos
Desktop    Downloads  Pictures  Templates
pi@raspberrypi:~ $ exit
logout

</Screen>
<process_end>2025-02-19 19:24:03</process_end>
</events_log>
