<?xml version="1.0" encoding="UTF-8" standalone="yes"?>
<sql_log xmlns:xsi="http://www.w3.org/2001/XMLSchema-instance">
<process>DB Data Updates</process>
<database_host_ip></database_host_ip>
<database_host>##AppPath##\DB\PuttyDriver.db</database_host>
<database_driver>SQLite</database_driver>
<database_name>PuttyDriver</database_name>
<user_id>tyler</user_id>
<user_name>Chris Tyler</user_name>
<user_computer>CHRIS-TYLER-PC</user_computer>
<user_computerip>192.168.0.65</user_computer>
<process_start>2025-09-15 09:43:45</process_start>
    <record>
        <application_name>PuttyDriver Dev.xlsb</application_name>
        <function_name>servers</function_name>
        <function_field>6, 1</function_field>
        <db_server></db_server>
        <db_database>PuttyDriver</db_database>
        <db_table>servers</db_table>
        <db_serial>1</db_serial>
        <db_field>server_id</db_field>
        <db_value>Null</db_value>
        <db_new_value>1</db_new_value>
        <db_new_value_length>1</db_new_value_length>
        <db_new_value_sql>[server_id] = 1</db_new_value_sql>
        <updated_from>C:\Development\GitHub\PuttyDriver\PuttyDriver Dev.xlsb</updated_from>
        <updated_by>tyler</updated_by>
        <updated_at>2025-09-15 09:43:45</updated_at>
    </record>
    <record>
        <application_name>PuttyDriver Dev.xlsb</application_name>
        <function_name>servers</function_name>
        <function_field>6, 2</function_field>
        <db_server></db_server>
        <db_database>PuttyDriver</db_database>
        <db_table>servers</db_table>
        <db_serial>1</db_serial>
        <db_field>server_name</db_field>
        <db_value>Null</db_value>
        <db_new_value>Raspberry Pi OS SSH</db_new_value>
        <db_new_value_length>19</db_new_value_length>
        <db_new_value_sql>[server_name] = 'Raspberry Pi OS SSH'</db_new_value_sql>
        <updated_from>C:\Development\GitHub\PuttyDriver\PuttyDriver Dev.xlsb</updated_from>
        <updated_by>tyler</updated_by>
        <updated_at>2025-09-15 09:43:45</updated_at>
    </record>
    <record>
        <application_name>PuttyDriver Dev.xlsb</application_name>
        <function_name>servers</function_name>
        <function_field>6, 3</function_field>
        <db_server></db_server>
        <db_database>PuttyDriver</db_database>
        <db_table>servers</db_table>
        <db_serial>1</db_serial>
        <db_field>server_description</db_field>
        <db_value>Null</db_value>
        <db_new_value>Demo - Raspberry Pi OS SSH</db_new_value>
        <db_new_value_length>26</db_new_value_length>
        <db_new_value_sql>[server_description] = 'Demo - Raspberry Pi OS SSH'</db_new_value_sql>
        <updated_from>C:\Development\GitHub\PuttyDriver\PuttyDriver Dev.xlsb</updated_from>
        <updated_by>tyler</updated_by>
        <updated_at>2025-09-15 09:43:45</updated_at>
    </record>
    <record>
        <application_name>PuttyDriver Dev.xlsb</application_name>
        <function_name>servers</function_name>
        <function_field>6, 4</function_field>
        <db_server></db_server>
        <db_database>PuttyDriver</db_database>
        <db_table>servers</db_table>
        <db_serial>1</db_serial>
        <db_field>server_hostname</db_field>
        <db_value>Null</db_value>
        <db_new_value>raspberrypi</db_new_value>
        <db_new_value_length>11</db_new_value_length>
        <db_new_value_sql>[server_hostname] = 'raspberrypi'</db_new_value_sql>
        <updated_from>C:\Development\GitHub\PuttyDriver\PuttyDriver Dev.xlsb</updated_from>
        <updated_by>tyler</updated_by>
        <updated_at>2025-09-15 09:43:45</updated_at>
    </record>
    <record>
        <application_name>PuttyDriver Dev.xlsb</application_name>
        <function_name>servers</function_name>
        <function_field>6, 5</function_field>
        <db_server></db_server>
        <db_database>PuttyDriver</db_database>
        <db_table>servers</db_table>
        <db_serial>1</db_serial>
        <db_field>server_domain</db_field>
        <db_value>Null</db_value>
        <db_new_value>home</db_new_value>
        <db_new_value_length>4</db_new_value_length>
        <db_new_value_sql>[server_domain] = 'home'</db_new_value_sql>
        <updated_from>C:\Development\GitHub\PuttyDriver\PuttyDriver Dev.xlsb</updated_from>
        <updated_by>tyler</updated_by>
        <updated_at>2025-09-15 09:43:45</updated_at>
    </record>
    <record>
        <application_name>PuttyDriver Dev.xlsb</application_name>
        <function_name>servers</function_name>
        <function_field>6, 6</function_field>
        <db_server></db_server>
        <db_database>PuttyDriver</db_database>
        <db_table>servers</db_table>
        <db_serial>1</db_serial>
        <db_field>server_ip</db_field>
        <db_value>Null</db_value>
        <db_new_value>192.168.1.90</db_new_value>
        <db_new_value_length>12</db_new_value_length>
        <db_new_value_sql>[server_ip] = '192.168.1.90'</db_new_value_sql>
        <updated_from>C:\Development\GitHub\PuttyDriver\PuttyDriver Dev.xlsb</updated_from>
        <updated_by>tyler</updated_by>
        <updated_at>2025-09-15 09:43:45</updated_at>
    </record>
    <record>
        <application_name>PuttyDriver Dev.xlsb</application_name>
        <function_name>servers</function_name>
        <function_field>6, 7</function_field>
        <db_server></db_server>
        <db_database>PuttyDriver</db_database>
        <db_table>servers</db_table>
        <db_serial>1</db_serial>
        <db_field>conn_type</db_field>
        <db_value>Null</db_value>
        <db_new_value>SSH</db_new_value>
        <db_new_value_length>3</db_new_value_length>
        <db_new_value_sql>[conn_type] = 'SSH'</db_new_value_sql>
        <updated_from>C:\Development\GitHub\PuttyDriver\PuttyDriver Dev.xlsb</updated_from>
        <updated_by>tyler</updated_by>
        <updated_at>2025-09-15 09:43:45</updated_at>
    </record>
    <record>
        <application_name>PuttyDriver Dev.xlsb</application_name>
        <function_name>servers</function_name>
        <function_field>6, 8</function_field>
        <db_server></db_server>
        <db_database>PuttyDriver</db_database>
        <db_table>servers</db_table>
        <db_serial>1</db_serial>
        <db_field>conn_port</db_field>
        <db_value>Null</db_value>
        <db_new_value>22</db_new_value>
        <db_new_value_length>2</db_new_value_length>
        <db_new_value_sql>[conn_port] = 22</db_new_value_sql>
        <updated_from>C:\Development\GitHub\PuttyDriver\PuttyDriver Dev.xlsb</updated_from>
        <updated_by>tyler</updated_by>
        <updated_at>2025-09-15 09:43:45</updated_at>
    </record>
    <record>
        <application_name>PuttyDriver Dev.xlsb</application_name>
        <function_name>servers</function_name>
        <function_field>6, 11</function_field>
        <db_server></db_server>
        <db_database>PuttyDriver</db_database>
        <db_table>servers</db_table>
        <db_serial>1</db_serial>
        <db_field>status</db_field>
        <db_value>Null</db_value>
        <db_new_value>active</db_new_value>
        <db_new_value_length>6</db_new_value_length>
        <db_new_value_sql>[status] = 'active'</db_new_value_sql>
        <updated_from>C:\Development\GitHub\PuttyDriver\PuttyDriver Dev.xlsb</updated_from>
        <updated_by>tyler</updated_by>
        <updated_at>2025-09-15 09:43:45</updated_at>
    </record>
    <record>
        <application_name>PuttyDriver Dev.xlsb</application_name>
        <function_name>servers</function_name>
        <function_field>6, 12</function_field>
        <db_server></db_server>
        <db_database>PuttyDriver</db_database>
        <db_table>servers</db_table>
        <db_serial>1</db_serial>
        <db_field>status_at</db_field>
        <db_value>Null</db_value>
        <db_new_value>44377.9311921296</db_new_value>
        <db_new_value_length>16</db_new_value_length>
        <db_new_value_sql>[status_at] = 44377.9311921296</db_new_value_sql>
        <updated_from>C:\Development\GitHub\PuttyDriver\PuttyDriver Dev.xlsb</updated_from>
        <updated_by>tyler</updated_by>
        <updated_at>2025-09-15 09:43:45</updated_at>
    </record>
    <record>
        <application_name>PuttyDriver Dev.xlsb</application_name>
        <function_name>servers</function_name>
        <function_field>7, 1</function_field>
        <db_server></db_server>
        <db_database>PuttyDriver</db_database>
        <db_table>servers</db_table>
        <db_serial>2</db_serial>
        <db_field>server_id</db_field>
        <db_value>Null</db_value>
        <db_new_value>2</db_new_value>
        <db_new_value_length>1</db_new_value_length>
        <db_new_value_sql>[server_id] = 2</db_new_value_sql>
        <updated_from>C:\Development\GitHub\PuttyDriver\PuttyDriver Dev.xlsb</updated_from>
        <updated_by>tyler</updated_by>
        <updated_at>2025-09-15 09:43:45</updated_at>
    </record>
    <record>
        <application_name>PuttyDriver Dev.xlsb</application_name>
        <function_name>servers</function_name>
        <function_field>7, 2</function_field>
        <db_server></db_server>
        <db_database>PuttyDriver</db_database>
        <db_table>servers</db_table>
        <db_serial>2</db_serial>
        <db_field>server_name</db_field>
        <db_value>Null</db_value>
        <db_new_value>raspi-vmware</db_new_value>
        <db_new_value_length>12</db_new_value_length>
        <db_new_value_sql>[server_name] = 'raspi-vmware'</db_new_value_sql>
        <updated_from>C:\Development\GitHub\PuttyDriver\PuttyDriver Dev.xlsb</updated_from>
        <updated_by>tyler</updated_by>
        <updated_at>2025-09-15 09:43:45</updated_at>
    </record>
    <record>
        <application_name>PuttyDriver Dev.xlsb</application_name>
        <function_name>servers</function_name>
        <function_field>7, 3</function_field>
        <db_server></db_server>
        <db_database>PuttyDriver</db_database>
        <db_table>servers</db_table>
        <db_serial>2</db_serial>
        <db_field>server_description</db_field>
        <db_value>Null</db_value>
        <db_new_value>Demo - raspi-vmware</db_new_value>
        <db_new_value_length>19</db_new_value_length>
        <db_new_value_sql>[server_description] = 'Demo - raspi-vmware'</db_new_value_sql>
        <updated_from>C:\Development\GitHub\PuttyDriver\PuttyDriver Dev.xlsb</updated_from>
        <updated_by>tyler</updated_by>
        <updated_at>2025-09-15 09:43:45</updated_at>
    </record>
    <record>
        <application_name>PuttyDriver Dev.xlsb</application_name>
        <function_name>servers</function_name>
        <function_field>7, 4</function_field>
        <db_server></db_server>
        <db_database>PuttyDriver</db_database>
        <db_table>servers</db_table>
        <db_serial>2</db_serial>
        <db_field>server_hostname</db_field>
        <db_value>Null</db_value>
        <db_new_value>raspi-vmware</db_new_value>
        <db_new_value_length>12</db_new_value_length>
        <db_new_value_sql>[server_hostname] = 'raspi-vmware'</db_new_value_sql>
        <updated_from>C:\Development\GitHub\PuttyDriver\PuttyDriver Dev.xlsb</updated_from>
        <updated_by>tyler</updated_by>
        <updated_at>2025-09-15 09:43:45</updated_at>
    </record>
    <record>
        <application_name>PuttyDriver Dev.xlsb</application_name>
        <function_name>servers</function_name>
        <function_field>7, 6</function_field>
        <db_server></db_server>
        <db_database>PuttyDriver</db_database>
        <db_table>servers</db_table>
        <db_serial>2</db_serial>
        <db_field>server_ip</db_field>
        <db_value>Null</db_value>
        <db_new_value>192.168.88.188</db_new_value>
        <db_new_value_length>14</db_new_value_length>
        <db_new_value_sql>[server_ip] = '192.168.88.188'</db_new_value_sql>
        <updated_from>C:\Development\GitHub\PuttyDriver\PuttyDriver Dev.xlsb</updated_from>
        <updated_by>tyler</updated_by>
        <updated_at>2025-09-15 09:43:45</updated_at>
    </record>
    <record>
        <application_name>PuttyDriver Dev.xlsb</application_name>
        <function_name>servers</function_name>
        <function_field>7, 7</function_field>
        <db_server></db_server>
        <db_database>PuttyDriver</db_database>
        <db_table>servers</db_table>
        <db_serial>2</db_serial>
        <db_field>conn_type</db_field>
        <db_value>Null</db_value>
        <db_new_value>SSH</db_new_value>
        <db_new_value_length>3</db_new_value_length>
        <db_new_value_sql>[conn_type] = 'SSH'</db_new_value_sql>
        <updated_from>C:\Development\GitHub\PuttyDriver\PuttyDriver Dev.xlsb</updated_from>
        <updated_by>tyler</updated_by>
        <updated_at>2025-09-15 09:43:45</updated_at>
    </record>
    <record>
        <application_name>PuttyDriver Dev.xlsb</application_name>
        <function_name>servers</function_name>
        <function_field>7, 8</function_field>
        <db_server></db_server>
        <db_database>PuttyDriver</db_database>
        <db_table>servers</db_table>
        <db_serial>2</db_serial>
        <db_field>conn_port</db_field>
        <db_value>Null</db_value>
        <db_new_value>22</db_new_value>
        <db_new_value_length>2</db_new_value_length>
        <db_new_value_sql>[conn_port] = 22</db_new_value_sql>
        <updated_from>C:\Development\GitHub\PuttyDriver\PuttyDriver Dev.xlsb</updated_from>
        <updated_by>tyler</updated_by>
        <updated_at>2025-09-15 09:43:45</updated_at>
    </record>
    <record>
        <application_name>PuttyDriver Dev.xlsb</application_name>
        <function_name>servers</function_name>
        <function_field>7, 11</function_field>
        <db_server></db_server>
        <db_database>PuttyDriver</db_database>
        <db_table>servers</db_table>
        <db_serial>2</db_serial>
        <db_field>status</db_field>
        <db_value>Null</db_value>
        <db_new_value>active</db_new_value>
        <db_new_value_length>6</db_new_value_length>
        <db_new_value_sql>[status] = 'active'</db_new_value_sql>
        <updated_from>C:\Development\GitHub\PuttyDriver\PuttyDriver Dev.xlsb</updated_from>
        <updated_by>tyler</updated_by>
        <updated_at>2025-09-15 09:43:45</updated_at>
    </record>
    <record>
        <application_name>PuttyDriver Dev.xlsb</application_name>
        <function_name>servers</function_name>
        <function_field>7, 12</function_field>
        <db_server></db_server>
        <db_database>PuttyDriver</db_database>
        <db_table>servers</db_table>
        <db_serial>2</db_serial>
        <db_field>status_at</db_field>
        <db_value>Null</db_value>
        <db_new_value>45873</db_new_value>
        <db_new_value_length>5</db_new_value_length>
        <db_new_value_sql>[status_at] = 45873</db_new_value_sql>
        <updated_from>C:\Development\GitHub\PuttyDriver\PuttyDriver Dev.xlsb</updated_from>
        <updated_by>tyler</updated_by>
        <updated_at>2025-09-15 09:43:45</updated_at>
    </record>
<process_end>2025-09-15 09:43:45</process_end>
</updates_log>
